<?xml version="1.0" encoding="UTF-8"?>
<!-- Generated by org.testng.reporters.JUnitReportReporter -->
<testsuite hostname="yoganandpc" failures="0" tests="1" name="demo.DemoIntegration" time="14.652" errors="0" timestamp="2024-01-09T08:50:29 IST" skipped="0">
  <testcase classname="demo.DemoIntegration" name="TestMethod" time="14.652"/>
  <system-out/>
</testsuite> <!-- demo.DemoIntegration -->
